<?xml version="1.0" encoding="UTF-8"?>
<!-- Generated by org.testng.reporters.JUnitReportReporter -->
<testsuite hostname="DESKTOP-75NCCHF" failures="0" tests="1" name="TestRunner.RunnerTest" time="15.814" errors="0" timestamp="13 Jan 2024 14:29:06 GMT" skipped="0">
  <testcase classname="TestRunner.RunnerTest" name="runScenario" time="15.814"/>
</testsuite> <!-- TestRunner.RunnerTest -->
