<?xml version="1.0" encoding="UTF-8"?>
<!-- Generated by org.testng.reporters.JUnitReportReporter -->
<testsuite hostname="DESKTOP-75NCCHF" failures="0" tests="4" name="TestRunner.RunnerTest" time="8.768" errors="0" timestamp="13 Jan 2024 16:05:01 GMT" skipped="0">
  <testcase classname="TestRunner.RunnerTest" name="runScenario" time="0.109"/>
  <testcase classname="TestRunner.RunnerTest" name="runScenario" time="0.972"/>
  <testcase classname="TestRunner.RunnerTest" name="runScenario" time="0.705"/>
  <testcase classname="TestRunner.RunnerTest" name="runScenario" time="6.982"/>
</testsuite> <!-- TestRunner.RunnerTest -->
